{"C:\\Users\\Vartotojas\\Documents\\Programming\\praktika\\express-intro\\src\\api\\controllers\\emailController.ts": {"path":"C:\\Users\\Vartotojas\\Documents\\Programming\\praktika\\express-intro\\src\\api\\controllers\\emailController.ts","statementMap":{"0":{"start":{"line":4,"column":0},"end":{"line":4,"column":13}},"1":{"start":{"line":5,"column":11},"end":{"line":7,"column":null}},"2":{"start":{"line":6,"column":8},"end":{"line":6,"column":null}},"3":{"start":{"line":9,"column":11},"end":{"line":12,"column":null}},"4":{"start":{"line":11,"column":8},"end":{"line":11,"column":null}},"5":{"start":{"line":14,"column":11},"end":{"line":17,"column":null}},"6":{"start":{"line":15,"column":8},"end":{"line":15,"column":null}},"7":{"start":{"line":18,"column":0},"end":{"line":18,"column":null}},"8":{"start":{"line":4,"column":13},"end":{"line":4,"column":28}}},"fnMap":{"0":{"name":"(anonymous_0)","decl":{"start":{"line":4,"column":0},"end":{"line":4,"column":13}},"loc":{"start":{"line":4,"column":0},"end":{"line":18,"column":null}}},"1":{"name":"(anonymous_2)","decl":{"start":{"line":5,"column":4},"end":{"line":5,"column":11}},"loc":{"start":{"line":5,"column":36},"end":{"line":7,"column":5}}},"2":{"name":"(anonymous_3)","decl":{"start":{"line":9,"column":4},"end":{"line":9,"column":11}},"loc":{"start":{"line":9,"column":37},"end":{"line":12,"column":5}}},"3":{"name":"(anonymous_4)","decl":{"start":{"line":14,"column":4},"end":{"line":14,"column":11}},"loc":{"start":{"line":14,"column":47},"end":{"line":17,"column":5}}}},"branchMap":{"0":{"loc":{"start":{"line":6,"column":42},"end":{"line":6,"column":46}},"type":"cond-expr","locations":[{"start":{"line":6,"column":42},"end":{"line":6,"column":46}},{"start":{"line":6,"column":49},"end":{"line":6,"column":54}}]},"1":{"loc":{"start":{"line":11,"column":34},"end":{"line":11,"column":38}},"type":"cond-expr","locations":[{"start":{"line":11,"column":34},"end":{"line":11,"column":38}},{"start":{"line":11,"column":41},"end":{"line":11,"column":46}}]},"2":{"loc":{"start":{"line":15,"column":38},"end":{"line":15,"column":42}},"type":"cond-expr","locations":[{"start":{"line":15,"column":38},"end":{"line":15,"column":42}},{"start":{"line":15,"column":45},"end":{"line":15,"column":50}}]}},"s":{"0":1,"1":1,"2":2,"3":1,"4":2,"5":1,"6":2,"7":1,"8":1},"f":{"0":1,"1":2,"2":2,"3":2},"b":{"0":[1,1],"1":[1,1],"2":[1,1]}}
,"C:\\Users\\Vartotojas\\Documents\\Programming\\praktika\\express-intro\\src\\api\\controllers\\passwordController.ts": {"path":"C:\\Users\\Vartotojas\\Documents\\Programming\\praktika\\express-intro\\src\\api\\controllers\\passwordController.ts","statementMap":{"0":{"start":{"line":4,"column":0},"end":{"line":4,"column":13}},"1":{"start":{"line":5,"column":11},"end":{"line":28,"column":null}},"2":{"start":{"line":6,"column":35},"end":{"line":6,"column":37}},"3":{"start":{"line":7,"column":8},"end":{"line":26,"column":null}},"4":{"start":{"line":8,"column":12},"end":{"line":8,"column":null}},"5":{"start":{"line":9,"column":12},"end":{"line":9,"column":null}},"6":{"start":{"line":10,"column":15},"end":{"line":26,"column":null}},"7":{"start":{"line":11,"column":12},"end":{"line":11,"column":null}},"8":{"start":{"line":12,"column":12},"end":{"line":12,"column":null}},"9":{"start":{"line":14,"column":12},"end":{"line":16,"column":null}},"10":{"start":{"line":15,"column":16},"end":{"line":15,"column":null}},"11":{"start":{"line":17,"column":12},"end":{"line":19,"column":null}},"12":{"start":{"line":18,"column":16},"end":{"line":18,"column":null}},"13":{"start":{"line":20,"column":12},"end":{"line":22,"column":null}},"14":{"start":{"line":21,"column":16},"end":{"line":21,"column":null}},"15":{"start":{"line":23,"column":12},"end":{"line":25,"column":null}},"16":{"start":{"line":24,"column":16},"end":{"line":24,"column":null}},"17":{"start":{"line":27,"column":8},"end":{"line":27,"column":null}},"18":{"start":{"line":30,"column":11},"end":{"line":35,"column":null}},"19":{"start":{"line":31,"column":8},"end":{"line":33,"column":null}},"20":{"start":{"line":32,"column":12},"end":{"line":32,"column":null}},"21":{"start":{"line":34,"column":8},"end":{"line":34,"column":null}},"22":{"start":{"line":36,"column":0},"end":{"line":36,"column":null}},"23":{"start":{"line":4,"column":13},"end":{"line":4,"column":31}}},"fnMap":{"0":{"name":"(anonymous_0)","decl":{"start":{"line":4,"column":0},"end":{"line":4,"column":13}},"loc":{"start":{"line":4,"column":0},"end":{"line":36,"column":null}}},"1":{"name":"(anonymous_2)","decl":{"start":{"line":5,"column":4},"end":{"line":5,"column":11}},"loc":{"start":{"line":5,"column":66},"end":{"line":28,"column":5}}},"2":{"name":"(anonymous_3)","decl":{"start":{"line":30,"column":4},"end":{"line":30,"column":11}},"loc":{"start":{"line":30,"column":53},"end":{"line":35,"column":5}}}},"branchMap":{"0":{"loc":{"start":{"line":7,"column":8},"end":{"line":26,"column":null}},"type":"if","locations":[{"start":{"line":7,"column":8},"end":{"line":26,"column":null}},{"start":{"line":7,"column":8},"end":{"line":26,"column":null}}]},"1":{"loc":{"start":{"line":10,"column":15},"end":{"line":26,"column":null}},"type":"if","locations":[{"start":{"line":10,"column":15},"end":{"line":26,"column":null}},{"start":{"line":10,"column":15},"end":{"line":26,"column":null}}]},"2":{"loc":{"start":{"line":14,"column":12},"end":{"line":16,"column":null}},"type":"if","locations":[{"start":{"line":14,"column":12},"end":{"line":16,"column":null}},{"start":{"line":14,"column":12},"end":{"line":16,"column":null}}]},"3":{"loc":{"start":{"line":17,"column":12},"end":{"line":19,"column":null}},"type":"if","locations":[{"start":{"line":17,"column":12},"end":{"line":19,"column":null}},{"start":{"line":17,"column":12},"end":{"line":19,"column":null}}]},"4":{"loc":{"start":{"line":20,"column":12},"end":{"line":22,"column":null}},"type":"if","locations":[{"start":{"line":20,"column":12},"end":{"line":22,"column":null}},{"start":{"line":20,"column":12},"end":{"line":22,"column":null}}]},"5":{"loc":{"start":{"line":23,"column":12},"end":{"line":25,"column":null}},"type":"if","locations":[{"start":{"line":23,"column":12},"end":{"line":25,"column":null}},{"start":{"line":23,"column":12},"end":{"line":25,"column":null}}]},"6":{"loc":{"start":{"line":31,"column":8},"end":{"line":33,"column":null}},"type":"if","locations":[{"start":{"line":31,"column":8},"end":{"line":33,"column":null}},{"start":{"line":31,"column":8},"end":{"line":33,"column":null}}]},"7":{"loc":{"start":{"line":32,"column":48},"end":{"line":32,"column":52}},"type":"cond-expr","locations":[{"start":{"line":32,"column":48},"end":{"line":32,"column":52}},{"start":{"line":32,"column":55},"end":{"line":32,"column":60}}]}},"s":{"0":1,"1":1,"2":10,"3":10,"4":1,"5":1,"6":9,"7":1,"8":1,"9":8,"10":3,"11":8,"12":3,"13":8,"14":3,"15":8,"16":1,"17":8,"18":1,"19":3,"20":2,"21":1,"22":1,"23":1},"f":{"0":1,"1":10,"2":3},"b":{"0":[1,9],"1":[1,8],"2":[3,5],"3":[3,5],"4":[3,5],"5":[1,7],"6":[2,1],"7":[1,1]}}
,"C:\\Users\\Vartotojas\\Documents\\Programming\\praktika\\express-intro\\src\\user\\user.ts": {"path":"C:\\Users\\Vartotojas\\Documents\\Programming\\praktika\\express-intro\\src\\user\\user.ts","statementMap":{"0":{"start":{"line":1,"column":0},"end":{"line":1,"column":13}},"1":{"start":{"line":8,"column":4},"end":{"line":8,"column":null}},"2":{"start":{"line":11,"column":8},"end":{"line":11,"column":null}},"3":{"start":{"line":13,"column":0},"end":{"line":13,"column":null}},"4":{"start":{"line":1,"column":13},"end":{"line":1,"column":17}}},"fnMap":{"0":{"name":"(anonymous_0)","decl":{"start":{"line":1,"column":0},"end":{"line":1,"column":13}},"loc":{"start":{"line":1,"column":0},"end":{"line":13,"column":null}}},"1":{"name":"User","decl":{"start":{"line":10,"column":4},"end":{"line":10,"column":16}},"loc":{"start":{"line":10,"column":28},"end":{"line":12,"column":5}}}},"branchMap":{},"s":{"0":3,"1":6,"2":6,"3":3,"4":3},"f":{"0":3,"1":6},"b":{}}
,"C:\\Users\\Vartotojas\\Documents\\Programming\\praktika\\express-intro\\src\\user\\userList.ts": {"path":"C:\\Users\\Vartotojas\\Documents\\Programming\\praktika\\express-intro\\src\\user\\userList.ts","statementMap":{"0":{"start":{"line":2,"column":0},"end":{"line":2,"column":37}},"1":{"start":{"line":4,"column":0},"end":{"line":4,"column":13}},"2":{"start":{"line":7,"column":11},"end":{"line":13,"column":null}},"3":{"start":{"line":8,"column":8},"end":{"line":12,"column":null}},"4":{"start":{"line":9,"column":12},"end":{"line":9,"column":null}},"5":{"start":{"line":11,"column":12},"end":{"line":11,"column":null}},"6":{"start":{"line":15,"column":11},"end":{"line":21,"column":null}},"7":{"start":{"line":16,"column":8},"end":{"line":20,"column":null}},"8":{"start":{"line":17,"column":12},"end":{"line":17,"column":null}},"9":{"start":{"line":19,"column":12},"end":{"line":19,"column":null}},"10":{"start":{"line":5,"column":11},"end":{"line":5,"column":null}},"11":{"start":{"line":23,"column":0},"end":{"line":23,"column":null}},"12":{"start":{"line":4,"column":13},"end":{"line":4,"column":21}}},"fnMap":{"0":{"name":"(anonymous_0)","decl":{"start":{"line":4,"column":0},"end":{"line":4,"column":13}},"loc":{"start":{"line":4,"column":0},"end":{"line":4,"column":13}}},"1":{"name":"(anonymous_2)","decl":{"start":{"line":7,"column":4},"end":{"line":7,"column":11}},"loc":{"start":{"line":7,"column":29},"end":{"line":13,"column":5}}},"2":{"name":"(anonymous_3)","decl":{"start":{"line":15,"column":4},"end":{"line":15,"column":11}},"loc":{"start":{"line":15,"column":32},"end":{"line":21,"column":5}}}},"branchMap":{"0":{"loc":{"start":{"line":8,"column":8},"end":{"line":12,"column":null}},"type":"if","locations":[{"start":{"line":8,"column":8},"end":{"line":12,"column":null}},{"start":{"line":8,"column":8},"end":{"line":12,"column":null}}]},"1":{"loc":{"start":{"line":16,"column":8},"end":{"line":20,"column":null}},"type":"if","locations":[{"start":{"line":16,"column":8},"end":{"line":20,"column":null}},{"start":{"line":16,"column":8},"end":{"line":20,"column":null}}]}},"s":{"0":3,"1":3,"2":3,"3":15,"4":14,"5":1,"6":3,"7":14,"8":13,"9":1,"10":3,"11":3,"12":3},"f":{"0":3,"1":15,"2":14},"b":{"0":[14,1],"1":[13,1]}}
,"C:\\Users\\Vartotojas\\Documents\\Programming\\praktika\\express-intro\\src\\user\\userUtil.ts": {"path":"C:\\Users\\Vartotojas\\Documents\\Programming\\praktika\\express-intro\\src\\user\\userUtil.ts","statementMap":{"0":{"start":{"line":2,"column":0},"end":{"line":2,"column":37}},"1":{"start":{"line":4,"column":0},"end":{"line":4,"column":13}},"2":{"start":{"line":5,"column":11},"end":{"line":12,"column":null}},"3":{"start":{"line":6,"column":23},"end":{"line":6,"column":65}},"4":{"start":{"line":6,"column":49},"end":{"line":6,"column":65}},"5":{"start":{"line":7,"column":8},"end":{"line":11,"column":null}},"6":{"start":{"line":8,"column":12},"end":{"line":8,"column":null}},"7":{"start":{"line":10,"column":12},"end":{"line":10,"column":null}},"8":{"start":{"line":14,"column":11},"end":{"line":16,"column":null}},"9":{"start":{"line":15,"column":8},"end":{"line":15,"column":null}},"10":{"start":{"line":18,"column":11},"end":{"line":20,"column":null}},"11":{"start":{"line":19,"column":8},"end":{"line":19,"column":null}},"12":{"start":{"line":22,"column":11},"end":{"line":24,"column":null}},"13":{"start":{"line":23,"column":8},"end":{"line":23,"column":37}},"14":{"start":{"line":26,"column":11},"end":{"line":32,"column":null}},"15":{"start":{"line":27,"column":8},"end":{"line":31,"column":null}},"16":{"start":{"line":27,"column":39},"end":{"line":27,"column":53}},"17":{"start":{"line":28,"column":12},"end":{"line":28,"column":null}},"18":{"start":{"line":30,"column":12},"end":{"line":30,"column":null}},"19":{"start":{"line":33,"column":0},"end":{"line":33,"column":null}},"20":{"start":{"line":4,"column":13},"end":{"line":4,"column":21}}},"fnMap":{"0":{"name":"(anonymous_0)","decl":{"start":{"line":4,"column":0},"end":{"line":4,"column":13}},"loc":{"start":{"line":4,"column":0},"end":{"line":33,"column":null}}},"1":{"name":"(anonymous_2)","decl":{"start":{"line":5,"column":4},"end":{"line":5,"column":11}},"loc":{"start":{"line":5,"column":32},"end":{"line":12,"column":5}}},"2":{"name":"(anonymous_3)","decl":{"start":{"line":6,"column":42},"end":{"line":6,"column":43}},"loc":{"start":{"line":6,"column":44},"end":{"line":6,"column":50}}},"3":{"name":"(anonymous_4)","decl":{"start":{"line":14,"column":4},"end":{"line":14,"column":11}},"loc":{"start":{"line":14,"column":51},"end":{"line":16,"column":5}}},"4":{"name":"(anonymous_5)","decl":{"start":{"line":18,"column":4},"end":{"line":18,"column":11}},"loc":{"start":{"line":18,"column":45},"end":{"line":20,"column":5}}},"5":{"name":"(anonymous_6)","decl":{"start":{"line":22,"column":4},"end":{"line":22,"column":11}},"loc":{"start":{"line":22,"column":47},"end":{"line":24,"column":5}}},"6":{"name":"(anonymous_7)","decl":{"start":{"line":26,"column":4},"end":{"line":26,"column":11}},"loc":{"start":{"line":26,"column":48},"end":{"line":32,"column":5}}},"7":{"name":"(anonymous_8)","decl":{"start":{"line":27,"column":33},"end":{"line":27,"column":35}},"loc":{"start":{"line":27,"column":35},"end":{"line":27,"column":41}}}},"branchMap":{"0":{"loc":{"start":{"line":7,"column":8},"end":{"line":11,"column":null}},"type":"if","locations":[{"start":{"line":7,"column":8},"end":{"line":11,"column":null}},{"start":{"line":7,"column":8},"end":{"line":11,"column":null}}]},"1":{"loc":{"start":{"line":27,"column":8},"end":{"line":31,"column":null}},"type":"if","locations":[{"start":{"line":27,"column":8},"end":{"line":31,"column":null}},{"start":{"line":27,"column":8},"end":{"line":31,"column":null}}]}},"s":{"0":3,"1":3,"2":3,"3":31,"4":24,"5":31,"6":16,"7":15,"8":3,"9":2,"10":3,"11":2,"12":3,"13":1,"14":3,"15":2,"16":2,"17":1,"18":1,"19":3,"20":3},"f":{"0":3,"1":31,"2":24,"3":2,"4":2,"5":1,"6":2,"7":2},"b":{"0":[16,15],"1":[1,1]}}
}
