{"C:\\Users\\Vilkelis\\Documents\\Programming\\parcel\\Parcel_server\\src\\api\\controllers\\post.controller.ts": {"path":"C:\\Users\\Vilkelis\\Documents\\Programming\\parcel\\Parcel_server\\src\\api\\controllers\\post.controller.ts","statementMap":{"0":{"start":{"line":4,"column":0},"end":{"line":4,"column":40}},"1":{"start":{"line":6,"column":0},"end":{"line":6,"column":66}},"2":{"start":{"line":7,"column":0},"end":{"line":7,"column":57}},"3":{"start":{"line":10,"column":9},"end":{"line":17,"column":7}},"4":{"start":{"line":13,"column":6},"end":{"line":13,"column":20}},"5":{"start":{"line":16,"column":6},"end":{"line":16,"column":49}},"6":{"start":{"line":10,"column":2},"end":{"line":17,"column":7}},"7":{"start":{"line":143,"column":2},"end":{"line":143,"column":13}},"8":{"start":{"line":21,"column":2},"end":{"line":21,"column":21}},"9":{"start":{"line":22,"column":9},"end":{"line":57,"column":7}},"10":{"start":{"line":51,"column":6},"end":{"line":51,"column":26}},"11":{"start":{"line":52,"column":6},"end":{"line":52,"column":20}},"12":{"start":{"line":55,"column":6},"end":{"line":55,"column":25}},"13":{"start":{"line":56,"column":6},"end":{"line":56,"column":49}},"14":{"start":{"line":22,"column":2},"end":{"line":57,"column":7}},"15":{"start":{"line":148,"column":2},"end":{"line":148,"column":18}},"16":{"start":{"line":61,"column":9},"end":{"line":67,"column":7}},"17":{"start":{"line":63,"column":6},"end":{"line":63,"column":20}},"18":{"start":{"line":66,"column":6},"end":{"line":66,"column":51}},"19":{"start":{"line":61,"column":2},"end":{"line":67,"column":7}},"20":{"start":{"line":144,"column":2},"end":{"line":144,"column":12}},"21":{"start":{"line":71,"column":2},"end":{"line":71,"column":23}},"22":{"start":{"line":72,"column":6},"end":{"line":72,"column":13}},"23":{"start":{"line":73,"column":4},"end":{"line":86,"column":9}},"24":{"start":{"line":74,"column":23},"end":{"line":83,"column":8}},"25":{"start":{"line":75,"column":8},"end":{"line":82,"column":13}},"26":{"start":{"line":77,"column":12},"end":{"line":77,"column":34}},"27":{"start":{"line":78,"column":12},"end":{"line":78,"column":48}},"28":{"start":{"line":81,"column":12},"end":{"line":81,"column":24}},"29":{"start":{"line":85,"column":8},"end":{"line":85,"column":20}},"30":{"start":{"line":88,"column":4},"end":{"line":88,"column":47}},"31":{"start":{"line":145,"column":2},"end":{"line":145,"column":12}},"32":{"start":{"line":93,"column":9},"end":{"line":99,"column":7}},"33":{"start":{"line":95,"column":6},"end":{"line":95,"column":42}},"34":{"start":{"line":98,"column":6},"end":{"line":98,"column":51}},"35":{"start":{"line":93,"column":2},"end":{"line":99,"column":7}},"36":{"start":{"line":146,"column":2},"end":{"line":146,"column":12}},"37":{"start":{"line":103,"column":9},"end":{"line":109,"column":7}},"38":{"start":{"line":105,"column":6},"end":{"line":105,"column":42}},"39":{"start":{"line":108,"column":6},"end":{"line":108,"column":51}},"40":{"start":{"line":103,"column":2},"end":{"line":109,"column":7}},"41":{"start":{"line":147,"column":2},"end":{"line":147,"column":12}},"42":{"start":{"line":113,"column":9},"end":{"line":119,"column":5}},"43":{"start":{"line":118,"column":4},"end":{"line":118,"column":24}},"44":{"start":{"line":113,"column":2},"end":{"line":119,"column":5}},"45":{"start":{"line":149,"column":2},"end":{"line":149,"column":11}},"46":{"start":{"line":123,"column":9},"end":{"line":129,"column":5}},"47":{"start":{"line":128,"column":4},"end":{"line":128,"column":25}},"48":{"start":{"line":123,"column":2},"end":{"line":129,"column":5}},"49":{"start":{"line":151,"column":2},"end":{"line":151,"column":16}},"50":{"start":{"line":133,"column":9},"end":{"line":139,"column":5}},"51":{"start":{"line":138,"column":4},"end":{"line":138,"column":23}},"52":{"start":{"line":133,"column":2},"end":{"line":139,"column":5}},"53":{"start":{"line":150,"column":2},"end":{"line":150,"column":14}}},"fnMap":{"0":{"name":"getAllPosts","decl":{"start":{"line":9,"column":15},"end":{"line":9,"column":26}},"loc":{"start":{"line":9,"column":26},"end":{"line":18,"column":null}}},"1":{"name":"(anonymous_17)","decl":{"start":{"line":12,"column":10},"end":{"line":12,"column":11}},"loc":{"start":{"line":12,"column":17},"end":{"line":14,"column":5}}},"2":{"name":"(anonymous_18)","decl":{"start":{"line":15,"column":11},"end":{"line":15,"column":null}},"loc":{"start":{"line":15,"column":11},"end":{"line":17,"column":5}}},"3":{"name":"getFilteredPosts","decl":{"start":{"line":20,"column":15},"end":{"line":20,"column":31}},"loc":{"start":{"line":20,"column":42},"end":{"line":58,"column":null}}},"4":{"name":"(anonymous_22)","decl":{"start":{"line":50,"column":10},"end":{"line":50,"column":11}},"loc":{"start":{"line":50,"column":17},"end":{"line":53,"column":5}}},"5":{"name":"(anonymous_23)","decl":{"start":{"line":54,"column":11},"end":{"line":54,"column":12}},"loc":{"start":{"line":54,"column":17},"end":{"line":57,"column":5}}},"6":{"name":"getOnePost","decl":{"start":{"line":60,"column":15},"end":{"line":60,"column":25}},"loc":{"start":{"line":60,"column":36},"end":{"line":68,"column":null}}},"7":{"name":"(anonymous_27)","decl":{"start":{"line":62,"column":10},"end":{"line":62,"column":11}},"loc":{"start":{"line":62,"column":17},"end":{"line":64,"column":5}}},"8":{"name":"(anonymous_28)","decl":{"start":{"line":65,"column":11},"end":{"line":65,"column":null}},"loc":{"start":{"line":65,"column":11},"end":{"line":67,"column":5}}},"9":{"name":"createPost","decl":{"start":{"line":70,"column":15},"end":{"line":70,"column":25}},"loc":{"start":{"line":70,"column":40},"end":{"line":90,"column":null}}},"10":{"name":"(anonymous_32)","decl":{"start":{"line":74,"column":12},"end":{"line":74,"column":19}},"loc":{"start":{"line":74,"column":23},"end":{"line":83,"column":8}}},"11":{"name":"(anonymous_33)","decl":{"start":{"line":74,"column":23},"end":{"line":74,"column":null}},"loc":{"start":{"line":74,"column":23},"end":{"line":83,"column":8}}},"12":{"name":"(anonymous_35)","decl":{"start":{"line":76,"column":16},"end":{"line":76,"column":17}},"loc":{"start":{"line":76,"column":25},"end":{"line":79,"column":11}}},"13":{"name":"(anonymous_36)","decl":{"start":{"line":80,"column":17},"end":{"line":80,"column":18}},"loc":{"start":{"line":80,"column":23},"end":{"line":82,"column":11}}},"14":{"name":"(anonymous_37)","decl":{"start":{"line":84,"column":13},"end":{"line":84,"column":14}},"loc":{"start":{"line":84,"column":19},"end":{"line":86,"column":7}}},"15":{"name":"updatePost","decl":{"start":{"line":92,"column":15},"end":{"line":92,"column":25}},"loc":{"start":{"line":92,"column":49},"end":{"line":100,"column":null}}},"16":{"name":"(anonymous_41)","decl":{"start":{"line":94,"column":10},"end":{"line":94,"column":null}},"loc":{"start":{"line":94,"column":10},"end":{"line":96,"column":5}}},"17":{"name":"(anonymous_42)","decl":{"start":{"line":97,"column":11},"end":{"line":97,"column":null}},"loc":{"start":{"line":97,"column":11},"end":{"line":99,"column":5}}},"18":{"name":"deletePost","decl":{"start":{"line":102,"column":15},"end":{"line":102,"column":25}},"loc":{"start":{"line":102,"column":36},"end":{"line":110,"column":null}}},"19":{"name":"(anonymous_46)","decl":{"start":{"line":104,"column":10},"end":{"line":104,"column":null}},"loc":{"start":{"line":104,"column":10},"end":{"line":106,"column":5}}},"20":{"name":"(anonymous_47)","decl":{"start":{"line":107,"column":11},"end":{"line":107,"column":null}},"loc":{"start":{"line":107,"column":11},"end":{"line":109,"column":5}}},"21":{"name":"seenCount","decl":{"start":{"line":112,"column":15},"end":{"line":112,"column":24}},"loc":{"start":{"line":112,"column":35},"end":{"line":120,"column":null}}},"22":{"name":"(anonymous_51)","decl":{"start":{"line":117,"column":9},"end":{"line":117,"column":null}},"loc":{"start":{"line":117,"column":9},"end":{"line":119,"column":3}}},"23":{"name":"deactivatePost","decl":{"start":{"line":122,"column":15},"end":{"line":122,"column":29}},"loc":{"start":{"line":122,"column":40},"end":{"line":130,"column":null}}},"24":{"name":"(anonymous_55)","decl":{"start":{"line":127,"column":9},"end":{"line":127,"column":null}},"loc":{"start":{"line":127,"column":9},"end":{"line":129,"column":3}}},"25":{"name":"activatePost","decl":{"start":{"line":132,"column":15},"end":{"line":132,"column":27}},"loc":{"start":{"line":132,"column":38},"end":{"line":140,"column":null}}},"26":{"name":"(anonymous_59)","decl":{"start":{"line":137,"column":9},"end":{"line":137,"column":null}},"loc":{"start":{"line":137,"column":9},"end":{"line":139,"column":3}}}},"branchMap":{"0":{"loc":{"start":{"line":10,"column":9},"end":{"line":17,"column":7}},"type":"switch","locations":[{"start":{"line":10,"column":9},"end":{"line":17,"column":7}},{"start":{"line":10,"column":2},"end":{"line":17,"column":7}}]},"1":{"loc":{"start":{"line":22,"column":2},"end":{"line":57,"column":7}},"type":"switch","locations":[{"start":{"line":22,"column":2},"end":{"line":57,"column":7}}]},"2":{"loc":{"start":{"line":61,"column":9},"end":{"line":67,"column":7}},"type":"switch","locations":[{"start":{"line":61,"column":9},"end":{"line":67,"column":7}},{"start":{"line":61,"column":2},"end":{"line":67,"column":7}}]},"3":{"loc":{"start":{"line":88,"column":4},"end":{"line":88,"column":47}},"type":"switch","locations":[{"start":{"line":88,"column":4},"end":{"line":88,"column":47}}]},"4":{"loc":{"start":{"line":72,"column":6},"end":{"line":72,"column":13}},"type":"if","locations":[{"start":{"line":72,"column":6},"end":{"line":72,"column":13}},{"start":{"line":72,"column":6},"end":{"line":72,"column":13}}]},"5":{"loc":{"start":{"line":72,"column":6},"end":{"line":72,"column":23}},"type":"binary-expr","locations":[{"start":{"line":72,"column":6},"end":{"line":72,"column":23}},{"start":{"line":72,"column":27},"end":{"line":72,"column":44}}]},"6":{"loc":{"start":{"line":75,"column":8},"end":{"line":82,"column":13}},"type":"switch","locations":[{"start":{"line":75,"column":8},"end":{"line":82,"column":13}}]},"7":{"loc":{"start":{"line":93,"column":9},"end":{"line":99,"column":7}},"type":"switch","locations":[{"start":{"line":93,"column":9},"end":{"line":99,"column":7}},{"start":{"line":93,"column":2},"end":{"line":99,"column":7}}]},"8":{"loc":{"start":{"line":103,"column":9},"end":{"line":109,"column":7}},"type":"switch","locations":[{"start":{"line":103,"column":9},"end":{"line":109,"column":7}},{"start":{"line":103,"column":2},"end":{"line":109,"column":7}}]},"9":{"loc":{"start":{"line":113,"column":9},"end":{"line":119,"column":5}},"type":"switch","locations":[{"start":{"line":113,"column":9},"end":{"line":119,"column":5}},{"start":{"line":113,"column":2},"end":{"line":119,"column":5}}]},"10":{"loc":{"start":{"line":123,"column":9},"end":{"line":129,"column":5}},"type":"switch","locations":[{"start":{"line":123,"column":9},"end":{"line":129,"column":5}},{"start":{"line":123,"column":2},"end":{"line":129,"column":5}}]},"11":{"loc":{"start":{"line":133,"column":9},"end":{"line":139,"column":5}},"type":"switch","locations":[{"start":{"line":133,"column":9},"end":{"line":139,"column":5}},{"start":{"line":133,"column":2},"end":{"line":139,"column":5}}]}},"s":{"0":2,"1":2,"2":2,"3":1,"4":1,"5":0,"6":1,"7":2,"8":0,"9":0,"10":0,"11":0,"12":0,"13":0,"14":0,"15":2,"16":2,"17":1,"18":1,"19":2,"20":2,"21":1,"22":1,"23":2,"24":1,"25":2,"26":1,"27":1,"28":0,"29":0,"30":0,"31":2,"32":2,"33":2,"34":0,"35":2,"36":2,"37":4,"38":2,"39":2,"40":4,"41":2,"42":0,"43":0,"44":0,"45":2,"46":0,"47":0,"48":0,"49":2,"50":0,"51":0,"52":0,"53":2},"f":{"0":1,"1":1,"2":0,"3":0,"4":0,"5":0,"6":2,"7":1,"8":1,"9":1,"10":1,"11":1,"12":1,"13":0,"14":0,"15":2,"16":2,"17":0,"18":4,"19":2,"20":2,"21":0,"22":0,"23":0,"24":0,"25":0,"26":0},"b":{"0":[1,1],"1":[0],"2":[2,2],"3":[0],"4":[0,1],"5":[1,0],"6":[1],"7":[2,2],"8":[4,4],"9":[0,0],"10":[0,0],"11":[0,0]}}
,"C:\\Users\\Vilkelis\\Documents\\Programming\\parcel\\Parcel_server\\src\\api\\controllers\\users.controller.ts": {"path":"C:\\Users\\Vilkelis\\Documents\\Programming\\parcel\\Parcel_server\\src\\api\\controllers\\users.controller.ts","statementMap":{"0":{"start":{"line":3,"column":0},"end":{"line":3,"column":57}},"1":{"start":{"line":5,"column":0},"end":{"line":5,"column":41}},"2":{"start":{"line":7,"column":0},"end":{"line":7,"column":45}},"3":{"start":{"line":9,"column":0},"end":{"line":9,"column":51}},"4":{"start":{"line":11,"column":0},"end":{"line":11,"column":45}},"5":{"start":{"line":13,"column":0},"end":{"line":13,"column":60}},"6":{"start":{"line":16,"column":9},"end":{"line":25,"column":7}},"7":{"start":{"line":18,"column":6},"end":{"line":20,"column":null}},"8":{"start":{"line":19,"column":8},"end":{"line":19,"column":50}},"9":{"start":{"line":21,"column":6},"end":{"line":21,"column":20}},"10":{"start":{"line":24,"column":6},"end":{"line":24,"column":49}},"11":{"start":{"line":16,"column":2},"end":{"line":25,"column":7}},"12":{"start":{"line":294,"column":2},"end":{"line":294,"column":13}},"13":{"start":{"line":29,"column":9},"end":{"line":38,"column":7}},"14":{"start":{"line":31,"column":6},"end":{"line":33,"column":null}},"15":{"start":{"line":32,"column":8},"end":{"line":32,"column":50}},"16":{"start":{"line":34,"column":6},"end":{"line":34,"column":20}},"17":{"start":{"line":37,"column":6},"end":{"line":37,"column":51}},"18":{"start":{"line":29,"column":2},"end":{"line":38,"column":7}},"19":{"start":{"line":295,"column":2},"end":{"line":295,"column":12}},"20":{"start":{"line":42,"column":9},"end":{"line":51,"column":7}},"21":{"start":{"line":44,"column":6},"end":{"line":46,"column":null}},"22":{"start":{"line":45,"column":8},"end":{"line":45,"column":50}},"23":{"start":{"line":47,"column":6},"end":{"line":47,"column":20}},"24":{"start":{"line":50,"column":6},"end":{"line":50,"column":51}},"25":{"start":{"line":42,"column":2},"end":{"line":51,"column":7}},"26":{"start":{"line":309,"column":2},"end":{"line":309,"column":19}},"27":{"start":{"line":55,"column":9},"end":{"line":87,"column":7}},"28":{"start":{"line":56,"column":25},"end":{"line":84,"column":6}},"29":{"start":{"line":57,"column":10},"end":{"line":57,"column":11}},"30":{"start":{"line":58,"column":25},"end":{"line":58,"column":null}},"31":{"start":{"line":58,"column":14},"end":{"line":58,"column":null}},"32":{"start":{"line":59,"column":14},"end":{"line":73,"column":10}},"33":{"start":{"line":74,"column":15},"end":{"line":80,"column":13}},"34":{"start":{"line":76,"column":12},"end":{"line":76,"column":48}},"35":{"start":{"line":79,"column":12},"end":{"line":79,"column":35}},"36":{"start":{"line":74,"column":8},"end":{"line":80,"column":13}},"37":{"start":{"line":82,"column":8},"end":{"line":82,"column":63}},"38":{"start":{"line":86,"column":6},"end":{"line":86,"column":59}},"39":{"start":{"line":55,"column":2},"end":{"line":87,"column":7}},"40":{"start":{"line":296,"column":2},"end":{"line":296,"column":12}},"41":{"start":{"line":91,"column":9},"end":{"line":93,"column":5}},"42":{"start":{"line":92,"column":4},"end":{"line":92,"column":18}},"43":{"start":{"line":91,"column":2},"end":{"line":93,"column":5}},"44":{"start":{"line":298,"column":2},"end":{"line":298,"column":19}},"45":{"start":{"line":97,"column":9},"end":{"line":106,"column":7}},"46":{"start":{"line":99,"column":6},"end":{"line":101,"column":null}},"47":{"start":{"line":100,"column":8},"end":{"line":100,"column":50}},"48":{"start":{"line":102,"column":6},"end":{"line":102,"column":20}},"49":{"start":{"line":105,"column":6},"end":{"line":105,"column":51}},"50":{"start":{"line":97,"column":2},"end":{"line":106,"column":7}},"51":{"start":{"line":308,"column":2},"end":{"line":308,"column":14}},"52":{"start":{"line":110,"column":9},"end":{"line":122,"column":7}},"53":{"start":{"line":111,"column":28},"end":{"line":119,"column":6}},"54":{"start":{"line":112,"column":6},"end":{"line":118,"column":11}},"55":{"start":{"line":114,"column":10},"end":{"line":114,"column":46}},"56":{"start":{"line":117,"column":10},"end":{"line":117,"column":46}},"57":{"start":{"line":121,"column":6},"end":{"line":121,"column":29}},"58":{"start":{"line":110,"column":2},"end":{"line":122,"column":7}},"59":{"start":{"line":302,"column":2},"end":{"line":302,"column":11}},"60":{"start":{"line":126,"column":9},"end":{"line":128,"column":5}},"61":{"start":{"line":127,"column":4},"end":{"line":127,"column":39}},"62":{"start":{"line":126,"column":2},"end":{"line":128,"column":5}},"63":{"start":{"line":311,"column":2},"end":{"line":311,"column":19}},"64":{"start":{"line":132,"column":9},"end":{"line":142,"column":7}},"65":{"start":{"line":138,"column":6},"end":{"line":138,"column":42}},"66":{"start":{"line":141,"column":6},"end":{"line":141,"column":51}},"67":{"start":{"line":132,"column":2},"end":{"line":142,"column":7}},"68":{"start":{"line":297,"column":2},"end":{"line":297,"column":12}},"69":{"start":{"line":146,"column":22},"end":{"line":146,"column":null}},"70":{"start":{"line":146,"column":8},"end":{"line":146,"column":null}},"71":{"start":{"line":147,"column":9},"end":{"line":157,"column":7}},"72":{"start":{"line":153,"column":6},"end":{"line":153,"column":46}},"73":{"start":{"line":156,"column":6},"end":{"line":156,"column":51}},"74":{"start":{"line":147,"column":2},"end":{"line":157,"column":7}},"75":{"start":{"line":305,"column":2},"end":{"line":305,"column":16}},"76":{"start":{"line":161,"column":9},"end":{"line":167,"column":5}},"77":{"start":{"line":166,"column":4},"end":{"line":166,"column":20}},"78":{"start":{"line":161,"column":2},"end":{"line":167,"column":5}},"79":{"start":{"line":301,"column":2},"end":{"line":301,"column":19}},"80":{"start":{"line":171,"column":9},"end":{"line":177,"column":5}},"81":{"start":{"line":176,"column":4},"end":{"line":176,"column":20}},"82":{"start":{"line":171,"column":2},"end":{"line":177,"column":5}},"83":{"start":{"line":303,"column":2},"end":{"line":303,"column":19}},"84":{"start":{"line":181,"column":9},"end":{"line":205,"column":5}},"85":{"start":{"line":185,"column":25},"end":{"line":205,"column":4}},"86":{"start":{"line":186,"column":8},"end":{"line":186,"column":26}},"87":{"start":{"line":187,"column":8},"end":{"line":187,"column":14}},"88":{"start":{"line":188,"column":4},"end":{"line":204,"column":7}},"89":{"start":{"line":188,"column":38},"end":{"line":204,"column":6}},"90":{"start":{"line":189,"column":6},"end":{"line":203,"column":9}},"91":{"start":{"line":189,"column":50},"end":{"line":203,"column":8}},"92":{"start":{"line":190,"column":8},"end":{"line":190,"column":12}},"93":{"start":{"line":191,"column":8},"end":{"line":191,"column":39}},"94":{"start":{"line":192,"column":12},"end":{"line":192,"column":13}},"95":{"start":{"line":193,"column":16},"end":{"line":194,"column":74}},"96":{"start":{"line":195,"column":10},"end":{"line":201,"column":13}},"97":{"start":{"line":200,"column":12},"end":{"line":200,"column":50}},"98":{"start":{"line":181,"column":2},"end":{"line":205,"column":5}},"99":{"start":{"line":310,"column":2},"end":{"line":310,"column":20}},"100":{"start":{"line":209,"column":2},"end":{"line":215,"column":7}},"101":{"start":{"line":211,"column":6},"end":{"line":211,"column":41}},"102":{"start":{"line":214,"column":6},"end":{"line":214,"column":51}},"103":{"start":{"line":299,"column":2},"end":{"line":299,"column":18}},"104":{"start":{"line":219,"column":2},"end":{"line":228,"column":7}},"105":{"start":{"line":224,"column":6},"end":{"line":224,"column":43}},"106":{"start":{"line":227,"column":6},"end":{"line":227,"column":51}},"107":{"start":{"line":306,"column":2},"end":{"line":306,"column":20}},"108":{"start":{"line":232,"column":9},"end":{"line":246,"column":7}},"109":{"start":{"line":233,"column":10},"end":{"line":243,"column":6}},"110":{"start":{"line":234,"column":6},"end":{"line":234,"column":34}},"111":{"start":{"line":235,"column":6},"end":{"line":242,"column":9}},"112":{"start":{"line":235,"column":49},"end":{"line":242,"column":8}},"113":{"start":{"line":236,"column":8},"end":{"line":240,"column":11}},"114":{"start":{"line":236,"column":34},"end":{"line":240,"column":10}},"115":{"start":{"line":237,"column":14},"end":{"line":237,"column":18}},"116":{"start":{"line":238,"column":12},"end":{"line":238,"column":39}},"117":{"start":{"line":241,"column":8},"end":{"line":241,"column":44}},"118":{"start":{"line":245,"column":6},"end":{"line":245,"column":51}},"119":{"start":{"line":232,"column":2},"end":{"line":246,"column":7}},"120":{"start":{"line":300,"column":2},"end":{"line":300,"column":12}},"121":{"start":{"line":250,"column":2},"end":{"line":269,"column":5}},"122":{"start":{"line":251,"column":4},"end":{"line":268,"column":9}},"123":{"start":{"line":263,"column":8},"end":{"line":263,"column":42}},"124":{"start":{"line":264,"column":8},"end":{"line":264,"column":20}},"125":{"start":{"line":267,"column":8},"end":{"line":267,"column":21}},"126":{"start":{"line":304,"column":2},"end":{"line":304,"column":17}},"127":{"start":{"line":273,"column":2},"end":{"line":290,"column":5}},"128":{"start":{"line":274,"column":4},"end":{"line":289,"column":9}},"129":{"start":{"line":284,"column":8},"end":{"line":284,"column":42}},"130":{"start":{"line":285,"column":8},"end":{"line":285,"column":20}},"131":{"start":{"line":288,"column":8},"end":{"line":288,"column":21}},"132":{"start":{"line":307,"column":2},"end":{"line":307,"column":16}}},"fnMap":{"0":{"name":"getAllUsers","decl":{"start":{"line":15,"column":15},"end":{"line":15,"column":26}},"loc":{"start":{"line":15,"column":26},"end":{"line":26,"column":null}}},"1":{"name":"(anonymous_17)","decl":{"start":{"line":17,"column":10},"end":{"line":17,"column":11}},"loc":{"start":{"line":17,"column":17},"end":{"line":22,"column":5}}},"2":{"name":"(anonymous_18)","decl":{"start":{"line":23,"column":11},"end":{"line":23,"column":null}},"loc":{"start":{"line":23,"column":11},"end":{"line":25,"column":5}}},"3":{"name":"getOneUser","decl":{"start":{"line":28,"column":15},"end":{"line":28,"column":25}},"loc":{"start":{"line":28,"column":36},"end":{"line":39,"column":null}}},"4":{"name":"(anonymous_22)","decl":{"start":{"line":30,"column":10},"end":{"line":30,"column":11}},"loc":{"start":{"line":30,"column":17},"end":{"line":35,"column":5}}},"5":{"name":"(anonymous_23)","decl":{"start":{"line":36,"column":11},"end":{"line":36,"column":null}},"loc":{"start":{"line":36,"column":11},"end":{"line":38,"column":5}}},"6":{"name":"getOneUserByEmail","decl":{"start":{"line":41,"column":15},"end":{"line":41,"column":32}},"loc":{"start":{"line":41,"column":46},"end":{"line":52,"column":null}}},"7":{"name":"(anonymous_27)","decl":{"start":{"line":43,"column":10},"end":{"line":43,"column":11}},"loc":{"start":{"line":43,"column":17},"end":{"line":48,"column":5}}},"8":{"name":"(anonymous_28)","decl":{"start":{"line":49,"column":11},"end":{"line":49,"column":null}},"loc":{"start":{"line":49,"column":11},"end":{"line":51,"column":5}}},"9":{"name":"createUser","decl":{"start":{"line":54,"column":15},"end":{"line":54,"column":25}},"loc":{"start":{"line":54,"column":35},"end":{"line":88,"column":null}}},"10":{"name":"(anonymous_32)","decl":{"start":{"line":56,"column":10},"end":{"line":56,"column":17}},"loc":{"start":{"line":56,"column":25},"end":{"line":84,"column":6}}},"11":{"name":"(anonymous_33)","decl":{"start":{"line":56,"column":25},"end":{"line":56,"column":null}},"loc":{"start":{"line":56,"column":25},"end":{"line":84,"column":6}}},"12":{"name":"(anonymous_35)","decl":{"start":{"line":75,"column":16},"end":{"line":75,"column":null}},"loc":{"start":{"line":75,"column":16},"end":{"line":77,"column":11}}},"13":{"name":"(anonymous_36)","decl":{"start":{"line":78,"column":17},"end":{"line":78,"column":18}},"loc":{"start":{"line":78,"column":23},"end":{"line":80,"column":11}}},"14":{"name":"(anonymous_37)","decl":{"start":{"line":85,"column":11},"end":{"line":85,"column":12}},"loc":{"start":{"line":85,"column":17},"end":{"line":87,"column":5}}},"15":{"name":"getAllUserReviews","decl":{"start":{"line":90,"column":15},"end":{"line":90,"column":32}},"loc":{"start":{"line":90,"column":47},"end":{"line":94,"column":null}}},"16":{"name":"(anonymous_41)","decl":{"start":{"line":91,"column":55},"end":{"line":91,"column":56}},"loc":{"start":{"line":91,"column":62},"end":{"line":93,"column":3}}},"17":{"name":"getOneReview","decl":{"start":{"line":96,"column":15},"end":{"line":96,"column":27}},"loc":{"start":{"line":96,"column":38},"end":{"line":107,"column":null}}},"18":{"name":"(anonymous_45)","decl":{"start":{"line":98,"column":10},"end":{"line":98,"column":11}},"loc":{"start":{"line":98,"column":17},"end":{"line":103,"column":5}}},"19":{"name":"(anonymous_46)","decl":{"start":{"line":104,"column":11},"end":{"line":104,"column":null}},"loc":{"start":{"line":104,"column":11},"end":{"line":106,"column":5}}},"20":{"name":"addReview","decl":{"start":{"line":109,"column":15},"end":{"line":109,"column":24}},"loc":{"start":{"line":109,"column":40},"end":{"line":123,"column":null}}},"21":{"name":"(anonymous_50)","decl":{"start":{"line":111,"column":10},"end":{"line":111,"column":17}},"loc":{"start":{"line":111,"column":28},"end":{"line":119,"column":6}}},"22":{"name":"(anonymous_51)","decl":{"start":{"line":111,"column":28},"end":{"line":111,"column":null}},"loc":{"start":{"line":111,"column":28},"end":{"line":119,"column":6}}},"23":{"name":"(anonymous_53)","decl":{"start":{"line":113,"column":14},"end":{"line":113,"column":15}},"loc":{"start":{"line":113,"column":18},"end":{"line":115,"column":9}}},"24":{"name":"(anonymous_54)","decl":{"start":{"line":116,"column":15},"end":{"line":116,"column":16}},"loc":{"start":{"line":116,"column":21},"end":{"line":118,"column":9}}},"25":{"name":"(anonymous_55)","decl":{"start":{"line":120,"column":11},"end":{"line":120,"column":12}},"loc":{"start":{"line":120,"column":17},"end":{"line":122,"column":5}}},"26":{"name":"checkIfEmailTaken","decl":{"start":{"line":125,"column":15},"end":{"line":125,"column":32}},"loc":{"start":{"line":125,"column":46},"end":{"line":129,"column":null}}},"27":{"name":"(anonymous_59)","decl":{"start":{"line":126,"column":52},"end":{"line":126,"column":53}},"loc":{"start":{"line":126,"column":57},"end":{"line":128,"column":3}}},"28":{"name":"updateUser","decl":{"start":{"line":131,"column":15},"end":{"line":131,"column":25}},"loc":{"start":{"line":131,"column":49},"end":{"line":143,"column":null}}},"29":{"name":"(anonymous_63)","decl":{"start":{"line":137,"column":10},"end":{"line":137,"column":11}},"loc":{"start":{"line":137,"column":18},"end":{"line":139,"column":5}}},"30":{"name":"(anonymous_64)","decl":{"start":{"line":140,"column":11},"end":{"line":140,"column":null}},"loc":{"start":{"line":140,"column":11},"end":{"line":142,"column":5}}},"31":{"name":"changePassword","decl":{"start":{"line":145,"column":15},"end":{"line":145,"column":29}},"loc":{"start":{"line":145,"column":57},"end":{"line":158,"column":null}}},"32":{"name":"(anonymous_68)","decl":{"start":{"line":152,"column":10},"end":{"line":152,"column":11}},"loc":{"start":{"line":152,"column":18},"end":{"line":154,"column":5}}},"33":{"name":"(anonymous_69)","decl":{"start":{"line":155,"column":11},"end":{"line":155,"column":null}},"loc":{"start":{"line":155,"column":11},"end":{"line":157,"column":5}}},"34":{"name":"increaseTripCount","decl":{"start":{"line":160,"column":15},"end":{"line":160,"column":32}},"loc":{"start":{"line":160,"column":43},"end":{"line":168,"column":null}}},"35":{"name":"(anonymous_73)","decl":{"start":{"line":165,"column":9},"end":{"line":165,"column":10}},"loc":{"start":{"line":165,"column":18},"end":{"line":167,"column":3}}},"36":{"name":"increaseSentCount","decl":{"start":{"line":170,"column":15},"end":{"line":170,"column":32}},"loc":{"start":{"line":170,"column":43},"end":{"line":178,"column":null}}},"37":{"name":"(anonymous_77)","decl":{"start":{"line":175,"column":9},"end":{"line":175,"column":10}},"loc":{"start":{"line":175,"column":18},"end":{"line":177,"column":3}}},"38":{"name":"assignReviewToUser","decl":{"start":{"line":180,"column":15},"end":{"line":180,"column":33}},"loc":{"start":{"line":180,"column":68},"end":{"line":206,"column":null}}},"39":{"name":"(anonymous_81)","decl":{"start":{"line":185,"column":9},"end":{"line":185,"column":16}},"loc":{"start":{"line":185,"column":25},"end":{"line":205,"column":4}}},"40":{"name":"(anonymous_82)","decl":{"start":{"line":185,"column":25},"end":{"line":185,"column":null}},"loc":{"start":{"line":185,"column":25},"end":{"line":205,"column":4}}},"41":{"name":"(anonymous_84)","decl":{"start":{"line":188,"column":25},"end":{"line":188,"column":32}},"loc":{"start":{"line":188,"column":38},"end":{"line":204,"column":6}}},"42":{"name":"(anonymous_85)","decl":{"start":{"line":188,"column":38},"end":{"line":188,"column":null}},"loc":{"start":{"line":188,"column":38},"end":{"line":204,"column":6}}},"43":{"name":"(anonymous_87)","decl":{"start":{"line":189,"column":32},"end":{"line":189,"column":39}},"loc":{"start":{"line":189,"column":50},"end":{"line":203,"column":8}}},"44":{"name":"(anonymous_88)","decl":{"start":{"line":189,"column":50},"end":{"line":189,"column":null}},"loc":{"start":{"line":189,"column":50},"end":{"line":203,"column":8}}},"45":{"name":"(anonymous_90)","decl":{"start":{"line":199,"column":17},"end":{"line":199,"column":null}},"loc":{"start":{"line":199,"column":17},"end":{"line":201,"column":11}}},"46":{"name":"assignPostToUser","decl":{"start":{"line":208,"column":15},"end":{"line":208,"column":31}},"loc":{"start":{"line":208,"column":64},"end":{"line":216,"column":null}}},"47":{"name":"(anonymous_94)","decl":{"start":{"line":210,"column":10},"end":{"line":210,"column":null}},"loc":{"start":{"line":210,"column":10},"end":{"line":212,"column":5}}},"48":{"name":"(anonymous_95)","decl":{"start":{"line":213,"column":11},"end":{"line":213,"column":null}},"loc":{"start":{"line":213,"column":11},"end":{"line":215,"column":5}}},"49":{"name":"assignParcelToUser","decl":{"start":{"line":218,"column":15},"end":{"line":218,"column":33}},"loc":{"start":{"line":218,"column":68},"end":{"line":229,"column":null}}},"50":{"name":"(anonymous_99)","decl":{"start":{"line":223,"column":10},"end":{"line":223,"column":null}},"loc":{"start":{"line":223,"column":10},"end":{"line":225,"column":5}}},"51":{"name":"(anonymous_100)","decl":{"start":{"line":226,"column":11},"end":{"line":226,"column":null}},"loc":{"start":{"line":226,"column":11},"end":{"line":228,"column":5}}},"52":{"name":"deleteUser","decl":{"start":{"line":231,"column":15},"end":{"line":231,"column":25}},"loc":{"start":{"line":231,"column":36},"end":{"line":247,"column":null}}},"53":{"name":"(anonymous_104)","decl":{"start":{"line":233,"column":10},"end":{"line":233,"column":null}},"loc":{"start":{"line":233,"column":10},"end":{"line":243,"column":6}}},"54":{"name":"(anonymous_107)","decl":{"start":{"line":235,"column":31},"end":{"line":235,"column":38}},"loc":{"start":{"line":235,"column":49},"end":{"line":242,"column":8}}},"55":{"name":"(anonymous_108)","decl":{"start":{"line":235,"column":49},"end":{"line":235,"column":null}},"loc":{"start":{"line":235,"column":49},"end":{"line":242,"column":8}}},"56":{"name":"(anonymous_110)","decl":{"start":{"line":236,"column":23},"end":{"line":236,"column":30}},"loc":{"start":{"line":236,"column":34},"end":{"line":240,"column":10}}},"57":{"name":"(anonymous_111)","decl":{"start":{"line":236,"column":34},"end":{"line":236,"column":null}},"loc":{"start":{"line":236,"column":34},"end":{"line":240,"column":10}}},"58":{"name":"(anonymous_113)","decl":{"start":{"line":244,"column":11},"end":{"line":244,"column":null}},"loc":{"start":{"line":244,"column":11},"end":{"line":246,"column":5}}},"59":{"name":"sendContactInfo","decl":{"start":{"line":249,"column":15},"end":{"line":249,"column":30}},"loc":{"start":{"line":249,"column":52},"end":{"line":270,"column":null}}},"60":{"name":"(anonymous_117)","decl":{"start":{"line":250,"column":40},"end":{"line":250,"column":41}},"loc":{"start":{"line":250,"column":50},"end":{"line":269,"column":3}}},"61":{"name":"(anonymous_118)","decl":{"start":{"line":262,"column":12},"end":{"line":262,"column":null}},"loc":{"start":{"line":262,"column":12},"end":{"line":265,"column":7}}},"62":{"name":"(anonymous_119)","decl":{"start":{"line":266,"column":13},"end":{"line":266,"column":14}},"loc":{"start":{"line":266,"column":19},"end":{"line":268,"column":7}}},"63":{"name":"forgotPassword","decl":{"start":{"line":272,"column":15},"end":{"line":272,"column":29}},"loc":{"start":{"line":272,"column":40},"end":{"line":291,"column":null}}},"64":{"name":"(anonymous_123)","decl":{"start":{"line":273,"column":39},"end":{"line":273,"column":40}},"loc":{"start":{"line":273,"column":49},"end":{"line":290,"column":3}}},"65":{"name":"(anonymous_124)","decl":{"start":{"line":283,"column":12},"end":{"line":283,"column":null}},"loc":{"start":{"line":283,"column":12},"end":{"line":286,"column":7}}},"66":{"name":"(anonymous_125)","decl":{"start":{"line":287,"column":13},"end":{"line":287,"column":14}},"loc":{"start":{"line":287,"column":19},"end":{"line":289,"column":7}}}},"branchMap":{"0":{"loc":{"start":{"line":16,"column":9},"end":{"line":25,"column":7}},"type":"switch","locations":[{"start":{"line":16,"column":9},"end":{"line":25,"column":7}},{"start":{"line":16,"column":2},"end":{"line":25,"column":7}}]},"1":{"loc":{"start":{"line":18,"column":6},"end":{"line":20,"column":null}},"type":"if","locations":[{"start":{"line":18,"column":6},"end":{"line":20,"column":null}},{"start":{"line":18,"column":6},"end":{"line":20,"column":null}}]},"2":{"loc":{"start":{"line":29,"column":9},"end":{"line":38,"column":7}},"type":"switch","locations":[{"start":{"line":29,"column":9},"end":{"line":38,"column":7}},{"start":{"line":29,"column":2},"end":{"line":38,"column":7}}]},"3":{"loc":{"start":{"line":31,"column":6},"end":{"line":33,"column":null}},"type":"if","locations":[{"start":{"line":31,"column":6},"end":{"line":33,"column":null}},{"start":{"line":31,"column":6},"end":{"line":33,"column":null}}]},"4":{"loc":{"start":{"line":42,"column":9},"end":{"line":51,"column":7}},"type":"switch","locations":[{"start":{"line":42,"column":9},"end":{"line":51,"column":7}},{"start":{"line":42,"column":2},"end":{"line":51,"column":7}}]},"5":{"loc":{"start":{"line":44,"column":6},"end":{"line":46,"column":null}},"type":"if","locations":[{"start":{"line":44,"column":6},"end":{"line":46,"column":null}},{"start":{"line":44,"column":6},"end":{"line":46,"column":null}}]},"6":{"loc":{"start":{"line":55,"column":9},"end":{"line":87,"column":7}},"type":"switch","locations":[{"start":{"line":55,"column":9},"end":{"line":87,"column":7}},{"start":{"line":55,"column":2},"end":{"line":87,"column":7}}]},"7":{"loc":{"start":{"line":74,"column":8},"end":{"line":80,"column":13}},"type":"switch","locations":[{"start":{"line":74,"column":8},"end":{"line":80,"column":13}},{"start":{"line":82,"column":8},"end":{"line":82,"column":63}}]},"8":{"loc":{"start":{"line":57,"column":10},"end":{"line":57,"column":11}},"type":"if","locations":[{"start":{"line":57,"column":10},"end":{"line":57,"column":11}},{"start":{"line":57,"column":10},"end":{"line":57,"column":11}}]},"9":{"loc":{"start":{"line":91,"column":9},"end":{"line":93,"column":5}},"type":"switch","locations":[{"start":{"line":91,"column":9},"end":{"line":93,"column":5}},{"start":{"line":91,"column":2},"end":{"line":93,"column":5}}]},"10":{"loc":{"start":{"line":97,"column":9},"end":{"line":106,"column":7}},"type":"switch","locations":[{"start":{"line":97,"column":9},"end":{"line":106,"column":7}},{"start":{"line":97,"column":2},"end":{"line":106,"column":7}}]},"11":{"loc":{"start":{"line":99,"column":6},"end":{"line":101,"column":null}},"type":"if","locations":[{"start":{"line":99,"column":6},"end":{"line":101,"column":null}},{"start":{"line":99,"column":6},"end":{"line":101,"column":null}}]},"12":{"loc":{"start":{"line":110,"column":9},"end":{"line":122,"column":7}},"type":"switch","locations":[{"start":{"line":110,"column":9},"end":{"line":122,"column":7}},{"start":{"line":110,"column":2},"end":{"line":122,"column":7}}]},"13":{"loc":{"start":{"line":112,"column":6},"end":{"line":118,"column":11}},"type":"switch","locations":[{"start":{"line":112,"column":6},"end":{"line":118,"column":11}}]},"14":{"loc":{"start":{"line":126,"column":9},"end":{"line":128,"column":5}},"type":"switch","locations":[{"start":{"line":126,"column":9},"end":{"line":128,"column":5}},{"start":{"line":126,"column":2},"end":{"line":128,"column":5}}]},"15":{"loc":{"start":{"line":127,"column":26},"end":{"line":127,"column":30}},"type":"cond-expr","locations":[{"start":{"line":127,"column":26},"end":{"line":127,"column":30}},{"start":{"line":127,"column":33},"end":{"line":127,"column":38}}]},"16":{"loc":{"start":{"line":132,"column":9},"end":{"line":142,"column":7}},"type":"switch","locations":[{"start":{"line":132,"column":9},"end":{"line":142,"column":7}},{"start":{"line":132,"column":2},"end":{"line":142,"column":7}}]},"17":{"loc":{"start":{"line":146,"column":22},"end":{"line":146,"column":null}},"type":"switch","locations":[{"start":{"line":146,"column":22},"end":{"line":146,"column":null}},{"start":{"line":147,"column":2},"end":{"line":157,"column":7}}]},"18":{"loc":{"start":{"line":161,"column":9},"end":{"line":167,"column":5}},"type":"switch","locations":[{"start":{"line":161,"column":9},"end":{"line":167,"column":5}},{"start":{"line":161,"column":2},"end":{"line":167,"column":5}}]},"19":{"loc":{"start":{"line":171,"column":9},"end":{"line":177,"column":5}},"type":"switch","locations":[{"start":{"line":171,"column":9},"end":{"line":177,"column":5}},{"start":{"line":171,"column":2},"end":{"line":177,"column":5}}]},"20":{"loc":{"start":{"line":181,"column":9},"end":{"line":205,"column":5}},"type":"switch","locations":[{"start":{"line":181,"column":9},"end":{"line":205,"column":5}},{"start":{"line":181,"column":2},"end":{"line":205,"column":5}}]},"21":{"loc":{"start":{"line":192,"column":12},"end":{"line":192,"column":13}},"type":"if","locations":[{"start":{"line":192,"column":12},"end":{"line":192,"column":13}},{"start":{"line":192,"column":12},"end":{"line":192,"column":13}}]},"22":{"loc":{"start":{"line":209,"column":2},"end":{"line":215,"column":7}},"type":"switch","locations":[{"start":{"line":209,"column":2},"end":{"line":215,"column":7}}]},"23":{"loc":{"start":{"line":219,"column":2},"end":{"line":228,"column":7}},"type":"switch","locations":[{"start":{"line":219,"column":2},"end":{"line":228,"column":7}}]},"24":{"loc":{"start":{"line":232,"column":9},"end":{"line":246,"column":7}},"type":"switch","locations":[{"start":{"line":232,"column":9},"end":{"line":246,"column":7}},{"start":{"line":232,"column":2},"end":{"line":246,"column":7}}]},"25":{"loc":{"start":{"line":237,"column":14},"end":{"line":237,"column":18}},"type":"if","locations":[{"start":{"line":237,"column":14},"end":{"line":237,"column":18}},{"start":{"line":237,"column":14},"end":{"line":237,"column":18}}]},"26":{"loc":{"start":{"line":250,"column":2},"end":{"line":269,"column":5}},"type":"switch","locations":[{"start":{"line":250,"column":2},"end":{"line":269,"column":5}}]}},"s":{"0":2,"1":2,"2":2,"3":2,"4":2,"5":2,"6":1,"7":1,"8":0,"9":1,"10":0,"11":1,"12":2,"13":4,"14":3,"15":0,"16":3,"17":1,"18":4,"19":2,"20":2,"21":2,"22":1,"23":1,"24":1,"25":2,"26":2,"27":2,"28":2,"29":3,"30":1,"31":1,"32":1,"33":1,"34":1,"35":0,"36":1,"37":1,"38":1,"39":2,"40":2,"41":1,"42":1,"43":1,"44":2,"45":19,"46":18,"47":0,"48":18,"49":1,"50":19,"51":2,"52":1,"53":1,"54":2,"55":1,"56":0,"57":0,"58":1,"59":2,"60":3,"61":3,"62":3,"63":2,"64":4,"65":2,"66":2,"67":4,"68":2,"69":0,"70":0,"71":0,"72":0,"73":0,"74":0,"75":2,"76":1,"77":1,"78":1,"79":2,"80":1,"81":1,"82":1,"83":2,"84":1,"85":1,"86":1,"87":1,"88":1,"89":17,"90":17,"91":17,"92":17,"93":17,"94":33,"95":1,"96":2,"97":1,"98":1,"99":2,"100":2,"101":1,"102":0,"103":2,"104":0,"105":0,"106":0,"107":2,"108":12,"109":0,"110":0,"111":0,"112":0,"113":0,"114":0,"115":0,"116":0,"117":0,"118":12,"119":12,"120":2,"121":0,"122":0,"123":0,"124":0,"125":0,"126":2,"127":0,"128":0,"129":0,"130":0,"131":0,"132":2},"f":{"0":1,"1":1,"2":0,"3":4,"4":3,"5":1,"6":2,"7":2,"8":1,"9":2,"10":2,"11":2,"12":1,"13":0,"14":1,"15":1,"16":1,"17":19,"18":18,"19":1,"20":1,"21":1,"22":1,"23":1,"24":0,"25":0,"26":3,"27":3,"28":4,"29":2,"30":2,"31":0,"32":0,"33":0,"34":1,"35":1,"36":1,"37":1,"38":1,"39":1,"40":1,"41":17,"42":17,"43":17,"44":17,"45":1,"46":1,"47":1,"48":0,"49":0,"50":0,"51":0,"52":12,"53":0,"54":0,"55":0,"56":0,"57":0,"58":12,"59":0,"60":0,"61":0,"62":0,"63":0,"64":0,"65":0,"66":0},"b":{"0":[1,1],"1":[0,1],"2":[4,4],"3":[0,3],"4":[2,2],"5":[1,1],"6":[2,2],"7":[1,1],"8":[1,1],"9":[1,1],"10":[19,19],"11":[0,18],"12":[1,1],"13":[1],"14":[3,3],"15":[2,1],"16":[4,4],"17":[0,0],"18":[1,1],"19":[1,1],"20":[1,1],"21":[16,1],"22":[1],"23":[0],"24":[12,12],"25":[0,0],"26":[0]}}
}
