TN:
SF:src\api\controllers\post.controller.ts
FN:9,getAllPosts
FN:12,(anonymous_17)
FN:15,(anonymous_18)
FN:20,getFilteredPosts
FN:50,(anonymous_22)
FN:54,(anonymous_23)
FN:60,getOnePost
FN:62,(anonymous_27)
FN:65,(anonymous_28)
FN:70,createPost
FN:74,(anonymous_32)
FN:74,(anonymous_33)
FN:76,(anonymous_35)
FN:80,(anonymous_36)
FN:84,(anonymous_37)
FN:92,updatePost
FN:94,(anonymous_41)
FN:97,(anonymous_42)
FN:102,deletePost
FN:104,(anonymous_46)
FN:107,(anonymous_47)
FN:112,seenCount
FN:117,(anonymous_51)
FN:122,deactivatePost
FN:127,(anonymous_55)
FN:132,activatePost
FN:137,(anonymous_59)
FNF:27
FNH:14
FNDA:1,getAllPosts
FNDA:1,(anonymous_17)
FNDA:0,(anonymous_18)
FNDA:0,getFilteredPosts
FNDA:0,(anonymous_22)
FNDA:0,(anonymous_23)
FNDA:2,getOnePost
FNDA:1,(anonymous_27)
FNDA:1,(anonymous_28)
FNDA:1,createPost
FNDA:1,(anonymous_32)
FNDA:1,(anonymous_33)
FNDA:1,(anonymous_35)
FNDA:0,(anonymous_36)
FNDA:0,(anonymous_37)
FNDA:2,updatePost
FNDA:2,(anonymous_41)
FNDA:0,(anonymous_42)
FNDA:4,deletePost
FNDA:2,(anonymous_46)
FNDA:2,(anonymous_47)
FNDA:0,seenCount
FNDA:0,(anonymous_51)
FNDA:0,deactivatePost
FNDA:0,(anonymous_55)
FNDA:0,activatePost
FNDA:0,(anonymous_59)
DA:4,2
DA:6,2
DA:7,2
DA:10,1
DA:13,1
DA:16,0
DA:21,0
DA:22,0
DA:51,0
DA:52,0
DA:55,0
DA:56,0
DA:61,2
DA:63,1
DA:66,1
DA:71,1
DA:72,1
DA:73,2
DA:74,1
DA:75,2
DA:77,1
DA:78,1
DA:81,0
DA:85,0
DA:88,0
DA:93,2
DA:95,2
DA:98,0
DA:103,4
DA:105,2
DA:108,2
DA:113,0
DA:118,0
DA:123,0
DA:128,0
DA:133,0
DA:138,0
DA:143,2
DA:144,2
DA:145,2
DA:146,2
DA:147,2
DA:148,2
DA:149,2
DA:150,2
DA:151,2
LF:46
LH:29
BRDA:10,0,0,1
BRDA:10,0,1,1
BRDA:22,1,0,0
BRDA:61,2,0,2
BRDA:61,2,1,2
BRDA:88,3,0,0
BRDA:72,4,0,0
BRDA:72,4,1,1
BRDA:72,5,0,1
BRDA:72,5,1,0
BRDA:75,6,0,1
BRDA:93,7,0,2
BRDA:93,7,1,2
BRDA:103,8,0,4
BRDA:103,8,1,4
BRDA:113,9,0,0
BRDA:113,9,1,0
BRDA:123,10,0,0
BRDA:123,10,1,0
BRDA:133,11,0,0
BRDA:133,11,1,0
BRF:21
BRH:11
end_of_record
TN:
SF:src\api\controllers\users.controller.ts
FN:15,getAllUsers
FN:17,(anonymous_17)
FN:23,(anonymous_18)
FN:28,getOneUser
FN:30,(anonymous_22)
FN:36,(anonymous_23)
FN:41,getOneUserByEmail
FN:43,(anonymous_27)
FN:49,(anonymous_28)
FN:54,createUser
FN:56,(anonymous_32)
FN:56,(anonymous_33)
FN:75,(anonymous_35)
FN:78,(anonymous_36)
FN:85,(anonymous_37)
FN:90,getAllUserReviews
FN:91,(anonymous_41)
FN:96,getOneReview
FN:98,(anonymous_45)
FN:104,(anonymous_46)
FN:109,addReview
FN:111,(anonymous_50)
FN:111,(anonymous_51)
FN:113,(anonymous_53)
FN:116,(anonymous_54)
FN:120,(anonymous_55)
FN:125,checkIfEmailTaken
FN:126,(anonymous_59)
FN:131,updateUser
FN:137,(anonymous_63)
FN:140,(anonymous_64)
FN:145,changePassword
FN:152,(anonymous_68)
FN:155,(anonymous_69)
FN:160,increaseTripCount
FN:165,(anonymous_73)
FN:170,increaseSentCount
FN:175,(anonymous_77)
FN:180,assignReviewToUser
FN:185,(anonymous_81)
FN:185,(anonymous_82)
FN:188,(anonymous_84)
FN:188,(anonymous_85)
FN:189,(anonymous_87)
FN:189,(anonymous_88)
FN:199,(anonymous_90)
FN:208,assignPostToUser
FN:210,(anonymous_94)
FN:213,(anonymous_95)
FN:218,assignParcelToUser
FN:223,(anonymous_99)
FN:226,(anonymous_100)
FN:231,deleteUser
FN:233,(anonymous_104)
FN:235,(anonymous_107)
FN:235,(anonymous_108)
FN:236,(anonymous_110)
FN:236,(anonymous_111)
FN:244,(anonymous_113)
FN:249,sendContactInfo
FN:250,(anonymous_117)
FN:262,(anonymous_118)
FN:266,(anonymous_119)
FN:272,forgotPassword
FN:273,(anonymous_123)
FN:283,(anonymous_124)
FN:287,(anonymous_125)
FNF:67
FNH:43
FNDA:1,getAllUsers
FNDA:1,(anonymous_17)
FNDA:0,(anonymous_18)
FNDA:4,getOneUser
FNDA:3,(anonymous_22)
FNDA:1,(anonymous_23)
FNDA:2,getOneUserByEmail
FNDA:2,(anonymous_27)
FNDA:1,(anonymous_28)
FNDA:2,createUser
FNDA:2,(anonymous_32)
FNDA:2,(anonymous_33)
FNDA:1,(anonymous_35)
FNDA:0,(anonymous_36)
FNDA:1,(anonymous_37)
FNDA:1,getAllUserReviews
FNDA:1,(anonymous_41)
FNDA:19,getOneReview
FNDA:18,(anonymous_45)
FNDA:1,(anonymous_46)
FNDA:1,addReview
FNDA:1,(anonymous_50)
FNDA:1,(anonymous_51)
FNDA:1,(anonymous_53)
FNDA:0,(anonymous_54)
FNDA:0,(anonymous_55)
FNDA:3,checkIfEmailTaken
FNDA:3,(anonymous_59)
FNDA:4,updateUser
FNDA:2,(anonymous_63)
FNDA:2,(anonymous_64)
FNDA:0,changePassword
FNDA:0,(anonymous_68)
FNDA:0,(anonymous_69)
FNDA:1,increaseTripCount
FNDA:1,(anonymous_73)
FNDA:1,increaseSentCount
FNDA:1,(anonymous_77)
FNDA:1,assignReviewToUser
FNDA:1,(anonymous_81)
FNDA:1,(anonymous_82)
FNDA:17,(anonymous_84)
FNDA:17,(anonymous_85)
FNDA:17,(anonymous_87)
FNDA:17,(anonymous_88)
FNDA:1,(anonymous_90)
FNDA:1,assignPostToUser
FNDA:1,(anonymous_94)
FNDA:0,(anonymous_95)
FNDA:0,assignParcelToUser
FNDA:0,(anonymous_99)
FNDA:0,(anonymous_100)
FNDA:12,deleteUser
FNDA:0,(anonymous_104)
FNDA:0,(anonymous_107)
FNDA:0,(anonymous_108)
FNDA:0,(anonymous_110)
FNDA:0,(anonymous_111)
FNDA:12,(anonymous_113)
FNDA:0,sendContactInfo
FNDA:0,(anonymous_117)
FNDA:0,(anonymous_118)
FNDA:0,(anonymous_119)
FNDA:0,forgotPassword
FNDA:0,(anonymous_123)
FNDA:0,(anonymous_124)
FNDA:0,(anonymous_125)
DA:3,2
DA:5,2
DA:7,2
DA:9,2
DA:11,2
DA:13,2
DA:16,1
DA:18,1
DA:19,0
DA:21,1
DA:24,0
DA:29,4
DA:31,3
DA:32,0
DA:34,3
DA:37,1
DA:42,2
DA:44,2
DA:45,1
DA:47,1
DA:50,1
DA:55,2
DA:56,2
DA:57,3
DA:58,1
DA:59,1
DA:74,1
DA:76,1
DA:79,0
DA:82,1
DA:86,1
DA:91,1
DA:92,1
DA:97,19
DA:99,18
DA:100,0
DA:102,18
DA:105,1
DA:110,1
DA:111,1
DA:112,2
DA:114,1
DA:117,0
DA:121,0
DA:126,3
DA:127,3
DA:132,4
DA:138,2
DA:141,2
DA:146,0
DA:147,0
DA:153,0
DA:156,0
DA:161,1
DA:166,1
DA:171,1
DA:176,1
DA:181,1
DA:185,1
DA:186,1
DA:187,1
DA:188,17
DA:189,17
DA:190,17
DA:191,17
DA:192,33
DA:193,1
DA:195,2
DA:200,1
DA:209,2
DA:211,1
DA:214,0
DA:219,0
DA:224,0
DA:227,0
DA:232,12
DA:233,0
DA:234,0
DA:235,0
DA:236,0
DA:237,0
DA:238,0
DA:241,0
DA:245,12
DA:250,0
DA:251,0
DA:263,0
DA:264,0
DA:267,0
DA:273,0
DA:274,0
DA:284,0
DA:285,0
DA:288,0
DA:294,2
DA:295,2
DA:296,2
DA:297,2
DA:298,2
DA:299,2
DA:300,2
DA:301,2
DA:302,2
DA:303,2
DA:304,2
DA:305,2
DA:306,2
DA:307,2
DA:308,2
DA:309,2
DA:310,2
DA:311,2
LF:112
LH:80
BRDA:16,0,0,1
BRDA:16,0,1,1
BRDA:18,1,0,0
BRDA:18,1,1,1
BRDA:29,2,0,4
BRDA:29,2,1,4
BRDA:31,3,0,0
BRDA:31,3,1,3
BRDA:42,4,0,2
BRDA:42,4,1,2
BRDA:44,5,0,1
BRDA:44,5,1,1
BRDA:55,6,0,2
BRDA:55,6,1,2
BRDA:74,7,0,1
BRDA:74,7,1,1
BRDA:57,8,0,1
BRDA:57,8,1,1
BRDA:91,9,0,1
BRDA:91,9,1,1
BRDA:97,10,0,19
BRDA:97,10,1,19
BRDA:99,11,0,0
BRDA:99,11,1,18
BRDA:110,12,0,1
BRDA:110,12,1,1
BRDA:112,13,0,1
BRDA:126,14,0,3
BRDA:126,14,1,3
BRDA:127,15,0,2
BRDA:127,15,1,1
BRDA:132,16,0,4
BRDA:132,16,1,4
BRDA:146,17,0,0
BRDA:146,17,1,0
BRDA:161,18,0,1
BRDA:161,18,1,1
BRDA:171,19,0,1
BRDA:171,19,1,1
BRDA:181,20,0,1
BRDA:181,20,1,1
BRDA:192,21,0,16
BRDA:192,21,1,1
BRDA:209,22,0,1
BRDA:219,23,0,0
BRDA:232,24,0,12
BRDA:232,24,1,12
BRDA:237,25,0,0
BRDA:237,25,1,0
BRDA:250,26,0,0
BRF:50
BRH:41
end_of_record
